This is pdfTeX, Version 3.14159265-2.6-1.40.18 (MiKTeX 2.9.6300) (preloaded format=pdflatex 2017.5.21)  25 MAY 2017 12:07
entering extended mode
**C:/微云同步盘/2984420770/zxy/curr_sem/毕设/Work/thuthesismine/data/cha
p3.tex

(C:/微云同步盘/2984420770/zxy/curr_sem/毕设/Work/thuthesismine/data/chap
3.tex
LaTeX2e <2017-04-15>
Babel <3.9r> and hyphenation patterns for 75 language(s) loaded.
! Undefined control sequence.
l.1 \chapter
            {二次非线性理论}
? 
! Emergency stop.
l.1 \chapter
            {二次非线性理论}
End of file on the terminal!

 
Here is how much of TeX's memory you used:
 7 strings out of 493328
 299 string characters out of 3136613
 53405 words of memory out of 3000000
 3640 multiletter control sequences out of 15000+200000
 3640 words of font info for 14 fonts, out of 3000000 for 9000
 1141 hyphenation exceptions out of 8191
 5i,0n,1p,118b,8s stack positions out of 5000i,500n,10000p,200000b,50000s
!  ==> Fatal error occurred, no output PDF file produced!
